Resolving dependencies...
Downloading packages...
  characters 1.4.0 (1.4.1 available)
  device_info_plus 9.1.2 (12.1.0 available)
  file_selector_macos 0.9.4+4 (0.9.4+5 available)
  flutter_lints 3.0.2 (6.0.0 available)
  flutter_plugin_android_lifecycle 2.0.31 (2.0.32 available)
  geolocator 10.1.1 (14.0.2 available)
  geolocator_android 4.6.2 (5.0.2 available)
  geolocator_web 2.2.1 (4.1.3 available)
  google_maps_flutter_android 2.18.3 (2.18.4 available)
  image_picker_android 0.8.13+1 (0.8.13+5 available)
  image_picker_ios 0.8.13 (0.8.13+1 available)
  image_picker_macos 0.2.2 (0.2.2+1 available)
  lints 3.0.0 (6.0.0 available)
  material_color_utilities 0.11.1 (0.13.0 available)
  meta 1.16.0 (1.17.0 available)
  path_provider_android 2.2.19 (2.2.20 available)
  path_provider_foundation 2.4.2 (2.4.3 available)
  shared_preferences_android 2.4.13 (2.4.15 available)
  shared_preferences_foundation 2.5.4 (2.5.5 available)
  sqflite_android 2.4.1 (2.4.2+2 available)
  test_api 0.7.6 (0.7.7 available)
  url_launcher_android 6.3.20 (6.3.24 available)
  url_launcher_ios 6.3.4 (6.3.5 available)
  url_launcher_macos 3.2.3 (3.2.4 available)
  video_player_android 2.8.15 (2.8.17 available)
  video_player_avfoundation 2.8.4 (2.8.5 available)
  vm_service 15.0.0 (15.0.2 available)
  win32_registry 1.1.5 (2.1.0 available)
Got dependencies!
28 packages have newer versions incompatible with dependency constraints.
Try `flutter pub outdated` for more information.
Launching lib/main.dart on iPhone 16 Pro in debug mode...
Running pod install...                                           1,097ms
Running Xcode build...                                          
Xcode build done.                                           13.6s
Failed to build iOS app
Error output from Xcode build:
↳
    --- xcodebuild: WARNING: Using the first of multiple matching destinations:
    { platform:iOS Simulator, arch:arm64, id:6345D914-F21A-4F42-AEC7-801821488B82, OS:18.6, name:iPhone 16 Pro }
    { platform:iOS Simulator, arch:x86_64, id:6345D914-F21A-4F42-AEC7-801821488B82, OS:18.6, name:iPhone 16 Pro }
    ** BUILD FAILED **


Xcode's output:
↳
    Writing result bundle at path:
    	/var/folders/vy/9vdfjc3d4b1gn21rhhddzgqm0000gn/T/flutter_tools.OdjKB1/flutter_ios_build_temp_dirHViMnO/temporary_xcresult_bundle

    /Users/kimaalanzi/.pub-cache/hosted/pub.dev/url_launcher_ios-6.3.4/ios/url_launcher_ios/Sources/url_launcher_ios/URLLauncherPlugin.swift:22:26: warning: 'keyWindow' was deprecated in iOS 13.0: Should not be used for applications that support multiple scenes as it returns a key window across all connected scenes
        UIApplication.shared.keyWindow?.rootViewController?.topViewController
                             ^
    /Users/kimaalanzi/.pub-cache/hosted/pub.dev/url_launcher_ios-6.3.4/ios/url_launcher_ios/Sources/url_launcher_ios/URLLauncherPlugin.swift:22:26: warning: 'keyWindow' was deprecated in iOS 13.0: Should not be used for applications that support multiple scenes as it returns a key window across all connected scenes
        UIApplication.shared.keyWindow?.rootViewController?.topViewController
                             ^
    lib/trends_page.dart:335:53: Error: The getter 'theme' isn't defined for the type '_TrendsPageState'.
     - '_TrendsPageState' is from 'package:aldlma/trends_page.dart' ('lib/trends_page.dart').
    Try correcting the name to the name of an existing getter, or defining a getter or field named 'theme'.
                          borderSide: BorderSide(color: theme.textSecondaryColor.withOpacity(0.3)!),
                                                        ^^^^^
    lib/trends_page.dart:342:33: Error: The getter 'isDark' isn't defined for the type '_TrendsPageState'.
     - '_TrendsPageState' is from 'package:aldlma/trends_page.dart' ('lib/trends_page.dart').
    Try correcting the name to the name of an existing getter, or defining a getter or field named 'isDark'.
                        fillColor: (isDark ? ThemeConfig.kNightAccent : Colors.white),
                                    ^^^^^^
    lib/trends_page.dart:602:34: Error: The getter 'textMutedColor' isn't defined for the type 'ThemeConfig'.
     - 'ThemeConfig' is from 'package:aldlma/theme_config.dart' ('lib/theme_config.dart').
    Try correcting the name to the name of an existing getter, or defining a getter or field named 'textMutedColor'.
                        color: theme.textMutedColor,
                                     ^^^^^^^^^^^^^^
    lib/trends_page.dart:716:20: Error: The getter 'theme' isn't defined for the type '_TrendsPageState'.
     - '_TrendsPageState' is from 'package:aldlma/trends_page.dart' ('lib/trends_page.dart').
    Try correcting the name to the name of an existing getter, or defining a getter or field named 'theme'.
                color: theme.textSecondaryColor,
                       ^^^^^
    lib/trends_page.dart:723:22: Error: The getter 'theme' isn't defined for the type '_TrendsPageState'.
     - '_TrendsPageState' is from 'package:aldlma/trends_page.dart' ('lib/trends_page.dart').
    Try correcting the name to the name of an existing getter, or defining a getter or field named 'theme'.
                  color: theme.textSecondaryColor,
                         ^^^^^
    lib/trends_page.dart:757:84: Error: The getter 'theme' isn't defined for the type '_TrendsPageState'.
     - '_TrendsPageState' is from 'package:aldlma/trends_page.dart' ('lib/trends_page.dart').
    Try correcting the name to the name of an existing getter, or defining a getter or field named 'theme'.
                Text('${post['likes']}', style: GoogleFonts.cairo(fontSize: 12, color: theme.textPrimaryColor)),
                                                                                       ^^^^^
    lib/trends_page.dart:788:91: Error: The getter 'theme' isn't defined for the type '_TrendsPageState'.
     - '_TrendsPageState' is from 'package:aldlma/trends_page.dart' ('lib/trends_page.dart').
    Try correcting the name to the name of an existing getter, or defining a getter or field named 'theme'.
                Text(isSaved ? 'محفوظ' : 'حفظ', style: GoogleFonts.cairo(fontSize: 12, color: theme.textPrimaryColor)),
                                                                                          ^^^^^
    lib/trends_page.dart:1051:20: Error: The getter 'theme' isn't defined for the type '_TrendsPageState'.
     - '_TrendsPageState' is from 'package:aldlma/trends_page.dart' ('lib/trends_page.dart').
    Try correcting the name to the name of an existing getter, or defining a getter or field named 'theme'.
                color: theme.textSecondaryColor,
                       ^^^^^
    lib/trends_page.dart:1068:19: Error: The getter 'isDark' isn't defined for the type '_TrendsPageState'.
     - '_TrendsPageState' is from 'package:aldlma/trends_page.dart' ('lib/trends_page.dart').
    Try correcting the name to the name of an existing getter, or defining a getter or field named 'isDark'.
              color: (isDark ? ThemeConfig.kNightAccent : Colors.grey[50]!),
                      ^^^^^^
    lib/trends_page.dart:1070:37: Error: The getter 'theme' isn't defined for the type '_TrendsPageState'.
     - '_TrendsPageState' is from 'package:aldlma/trends_page.dart' ('lib/trends_page.dart').
    Try correcting the name to the name of an existing getter, or defining a getter or field named 'theme'.
              border: Border.all(color: theme.textSecondaryColor.withOpacity(0.2)!),
                                        ^^^^^
    lib/trends_page.dart:1145:22: Error: The getter 'theme' isn't defined for the type '_TrendsPageState'.
     - '_TrendsPageState' is from 'package:aldlma/trends_page.dart' ('lib/trends_page.dart').
    Try correcting the name to the name of an existing getter, or defining a getter or field named 'theme'.
                  color: theme.textPrimaryColor,
                         ^^^^^
    lib/trends_page.dart:1245:21: Error: The getter 'isDark' isn't defined for the type '_TrendsPageState'.
     - '_TrendsPageState' is from 'package:aldlma/trends_page.dart' ('lib/trends_page.dart').
    Try correcting the name to the name of an existing getter, or defining a getter or field named 'isDark'.
                color: (isDark ? ThemeConfig.kNightAccent : Colors.grey[50]!),
                        ^^^^^^
    lib/trends_page.dart:1247:39: Error: The getter 'theme' isn't defined for the type '_TrendsPageState'.
     - '_TrendsPageState' is from 'package:aldlma/trends_page.dart' ('lib/trends_page.dart').
    Try correcting the name to the name of an existing getter, or defining a getter or field named 'theme'.
                border: Border.all(color: theme.textSecondaryColor.withOpacity(0.2)!),
                                          ^^^^^
    lib/trends_page.dart:1306:21: Error: The getter 'isDark' isn't defined for the type '_TrendsPageState'.
     - '_TrendsPageState' is from 'package:aldlma/trends_page.dart' ('lib/trends_page.dart').
    Try correcting the name to the name of an existing getter, or defining a getter or field named 'isDark'.
                color: (isDark ? ThemeConfig.kNightAccent : Colors.grey[50]!),
                        ^^^^^^
    lib/trends_page.dart:1308:39: Error: The getter 'theme' isn't defined for the type '_TrendsPageState'.
     - '_TrendsPageState' is from 'package:aldlma/trends_page.dart' ('lib/trends_page.dart').
    Try correcting the name to the name of an existing getter, or defining a getter or field named 'theme'.
                border: Border.all(color: theme.textSecondaryColor.withOpacity(0.2)!),
                                          ^^^^^
    lib/notifications.dart:126:48: Error: The getter 'theme' isn't defined for the type 'NotificationsService'.
     - 'NotificationsService' is from 'package:aldlma/notifications.dart' ('lib/notifications.dart').
    Try correcting the name to the name of an existing getter, or defining a getter or field named 'theme'.
                  decoration: BoxDecoration(color: theme.textSecondaryColor.withOpacity(0.3), borderRadius: BorderRadius.circular(2)),
                                                   ^^^^^
    Target kernel_snapshot_program failed: Exception
    Failed to package /Users/kimaalanzi/Desktop/aaldma/aldlma.
    Command PhaseScriptExecution failed with a nonzero exit code
    note: Run script build phase 'Run Script' will be run during every build because the option to run the script phase "Based on dependency analysis" is unchecked. (in target 'Runner' from project 'Runner')
    note: Run script build phase 'Thin Binary' will be run during every build because the option to run the script phase "Based on dependency analysis" is unchecked. (in target 'Runner' from project 'Runner')

Could not build the application for the simulator.
Error launching application on iPhone 16 Pro.
